<?xml version="1.0" encoding="UTF-8"?>
<!-- Generated by org.testng.reporters.JUnitReportReporter -->
<testsuite hostname="IlhamTM" failures="0" tests="1" name="qaautomation.maret2023.APITestAfterRefactor" time="5.221" errors="0" timestamp="2023-03-18T11:41:26 WIB" skipped="0">
  <testcase classname="qaautomation.maret2023.APITestAfterRefactor" name="dashboardAPIWithoutParam" time="5.221"/>
  <system-out/>
</testsuite> <!-- qaautomation.maret2023.APITestAfterRefactor -->
