<?xml version="1.0" encoding="UTF-8"?>
<!-- Generated by org.testng.reporters.JUnitReportReporter -->
<testsuite hostname="IlhamTM" failures="0" tests="1" name="qaautomation.maret2023.WebTestUsingPageFactory" time="6.449" errors="0" timestamp="2023-03-05T11:09:08 WIB" skipped="0">
  <testcase classname="qaautomation.maret2023.WebTestUsingPageFactory" name="testLogin" time="6.449"/>
  <system-out/>
</testsuite> <!-- qaautomation.maret2023.WebTestUsingPageFactory -->
