<?xml version="1.0" encoding="UTF-8"?>
<!-- Generated by org.testng.reporters.JUnitReportReporter -->
<testsuite hostname="IlhamTM" failures="0" tests="1" name="qaautomation.maret2023.WebTestUsingPOMManual" time="6.310" errors="0" timestamp="2023-03-05T10:34:35 WIB" skipped="0">
  <testcase classname="qaautomation.maret2023.WebTestUsingPOMManual" name="testWrongUsername" time="6.310"/>
  <system-out/>
</testsuite> <!-- qaautomation.maret2023.WebTestUsingPOMManual -->
