<?xml version="1.0" encoding="UTF-8"?>
<!-- Generated by org.testng.reporters.JUnitReportReporter -->
<testsuite hostname="IlhamTM" failures="0" tests="1" name="qaautomation.maret2023.WebTestUsingBeforeAfter" time="10.067" errors="0" timestamp="2023-03-04T11:10:56 WIB" skipped="0">
  <testcase classname="qaautomation.maret2023.WebTestUsingBeforeAfter" name="testLogin" time="10.067"/>
  <system-out/>
</testsuite> <!-- qaautomation.maret2023.WebTestUsingBeforeAfter -->
