<?xml version="1.0" encoding="UTF-8"?>
<!-- Generated by org.testng.reporters.JUnitReportReporter -->
<testsuite hostname="IlhamTM" failures="0" tests="3" name="qaautomation.maret2023.APITest" time="6.493" errors="0" timestamp="2023-03-17T19:43:04 WIB" skipped="0">
  <testcase classname="qaautomation.maret2023.APITest" name="loginAPI" time="3.368"/>
  <system-out/>
  <testcase classname="qaautomation.maret2023.APITest" name="userAPI" time="1.529"/>
  <system-out/>
  <testcase classname="qaautomation.maret2023.APITest" name="dashboardAPI" time="1.596"/>
  <system-out/>
</testsuite> <!-- qaautomation.maret2023.APITest -->
