<?xml version="1.0" encoding="UTF-8"?>
<!-- Generated by org.testng.reporters.JUnitReportReporter -->
<testsuite hostname="IlhamTM" failures="0" tests="2" name="qaautomation.maret2023.AppTest" time="0.012" errors="0" timestamp="2023-03-04T09:56:53 WIB" skipped="0">
  <testcase classname="qaautomation.maret2023.AppTest" name="shouldAnswerWithTrue2" time="0.002"/>
  <system-out/>
  <testcase classname="qaautomation.maret2023.AppTest" name="shouldAnswerWithTrue" time="0.010"/>
  <system-out/>
</testsuite> <!-- qaautomation.maret2023.AppTest -->
