<?xml version="1.0" encoding="UTF-8"?>
<!-- Generated by org.testng.reporters.JUnitReportReporter -->
<testsuite hostname="IlhamTM" failures="0" tests="1" name="qaautomation.maret2023.GraphQLTest" time="4.274" errors="0" timestamp="2023-03-18T10:24:31 WIB" skipped="0">
  <testcase classname="qaautomation.maret2023.GraphQLTest" name="checkGenus" time="4.274"/>
  <system-out/>
</testsuite> <!-- qaautomation.maret2023.GraphQLTest -->
