<?xml version="1.0" encoding="UTF-8"?>
<!-- Generated by org.testng.reporters.JUnitReportReporter -->
<testsuite hostname="IlhamTM" failures="0" tests="1" name="qaautomation.maret2023.WebTestUsingThreadLocalParalel" time="9.845" errors="0" timestamp="2023-03-05T11:43:30 WIB" skipped="0">
  <testcase classname="qaautomation.maret2023.WebTestUsingThreadLocalParalel" name="testLogin" time="9.845"/>
  <system-out/>
</testsuite> <!-- qaautomation.maret2023.WebTestUsingThreadLocalParalel -->
