<?xml version="1.0" encoding="UTF-8"?>
<!-- Generated by org.testng.reporters.JUnitReportReporter -->
<testsuite hostname="IlhamTM" failures="0" tests="1" name="qaautomation.maret2023.CommonTest" time="10.162" errors="0" timestamp="2023-03-05T11:35:46 WIB" skipped="0">
  <testcase classname="qaautomation.maret2023.CommonTest" name="testSwitching" time="10.162"/>
  <system-out/>
</testsuite> <!-- qaautomation.maret2023.CommonTest -->
